c:\users\justi\desktop\snowuptimemonitorv1\snowuptimemonitor\x64\release\vc140.pdb
c:\users\justi\desktop\snowuptimemonitorv1\snowuptimemonitor\x64\release\snowuptimemonitor.obj
c:\users\justi\desktop\snowuptimemonitorv1\snowuptimemonitor\x64\release\smsg.obj
c:\users\justi\desktop\snowuptimemonitorv1\snowuptimemonitor\x64\release\sendemail.obj
c:\users\justi\desktop\snowuptimemonitorv1\snowuptimemonitor\x64\release\pingsnow.obj
c:\users\justi\desktop\snowuptimemonitorv1\snowuptimemonitor\x64\release\.netframework,version=v4.5.2.assemblyattributes.obj
c:\users\justi\desktop\snowuptimemonitorv1\snowuptimemonitor\x64\release\.netframework,version=v4.5.2.assemblyattributes.asm
c:\users\justi\desktop\snowuptimemonitorv1\x64\release\snowuptimemonitor.exe
c:\users\justi\desktop\snowuptimemonitorv1\x64\release\snowuptimemonitor.pdb
c:\users\justi\desktop\snowuptimemonitorv1\snowuptimemonitor\x64\release\snowuptimemonitor.snowuptimemonitor.resources
c:\users\justi\desktop\snowuptimemonitorvgithub\snowuptimemonitor\x64\release\snowuptimemonitor.vcxproj.generateresource.cache
c:\users\justi\desktop\snowuptimemonitorvgithub\snowuptimemonitor\x64\release\snowuptimemonitor.vcxprojresolveassemblyreference.cache
c:\users\justi\desktop\snowuptimemonitorvgithub\snowuptimemonitor\x64\release\.netframework,version=v4.5.2.assemblyattributes.obj
c:\users\justi\desktop\snowuptimemonitorvgithub\snowuptimemonitor\x64\release\pingsnow.obj
c:\users\justi\desktop\snowuptimemonitorvgithub\snowuptimemonitor\x64\release\sendemail.obj
c:\users\justi\desktop\snowuptimemonitorvgithub\snowuptimemonitor\x64\release\smsg.obj
c:\users\justi\desktop\snowuptimemonitorvgithub\snowuptimemonitor\x64\release\snowuptimemonitor.obj
c:\users\justi\desktop\snowuptimemonitorvgithub\snowuptimemonitor\x64\release\snowuptimemonitor.snowuptimemonitor.resources
c:\users\justi\desktop\snowuptimemonitorvgithub\snowuptimemonitor\x64\release\vc140.pdb
c:\users\justi\desktop\snowuptimemonitorvgithub\x64\release\snowuptimemonitor.pdb
c:\users\justi\desktop\snowuptimemonitorvgithub\x64\release\snowuptimemonitor.exe
c:\users\justi\desktop\snowuptimemonitorvgithub\snowuptimemonitor\x64\release\snowupti.9696b190.tlog\cl.command.1.tlog
c:\users\justi\desktop\snowuptimemonitorvgithub\snowuptimemonitor\x64\release\snowupti.9696b190.tlog\cl.read.1.tlog
c:\users\justi\desktop\snowuptimemonitorvgithub\snowuptimemonitor\x64\release\snowupti.9696b190.tlog\cl.write.1.tlog
c:\users\justi\desktop\snowuptimemonitorvgithub\snowuptimemonitor\x64\release\snowupti.9696b190.tlog\link.command.1.tlog
c:\users\justi\desktop\snowuptimemonitorvgithub\snowuptimemonitor\x64\release\snowupti.9696b190.tlog\link.read.1.tlog
c:\users\justi\desktop\snowuptimemonitorvgithub\snowuptimemonitor\x64\release\snowupti.9696b190.tlog\link.write.1.tlog
c:\users\justi\desktop\snowuptimemonitorvgithub\snowuptimemonitor\x64\release\snowupti.9696b190.tlog\metagen.read.1.tlog
c:\users\justi\desktop\snowuptimemonitorvgithub\snowuptimemonitor\x64\release\snowupti.9696b190.tlog\metagen.write.1.tlog
c:\users\justi\desktop\snowuptimemonitorvgithub\snowuptimemonitor\x64\release\snowupti.9696b190.tlog\snowuptimemonitor.write.1u.tlog
c:\users\justi\desktop\snowuptimemonitorvgithub\snowuptimemonitor\x64\release\snowupti.9696b190.tlog\tzres.dll.bi
